# JRE version: Java(TM) SE Runtime Environment (8.0_211-b12) (build 1.8.0_211-b12)
# Java VM: Java HotSpot(TM) 64-Bit Server VM (25.211-b12 mixed mode windows-amd64 compressed oops)
Heap:
 PSYoungGen      total 280064K, used 259018K [0x00000000d5d00000, 0x00000000e8100000, 0x0000000100000000)
  eden space 261120K, 91% used [0x00000000d5d00000,0x00000000e47779d0,0x00000000e5c00000)
  from space 18944K, 99% used [0x00000000e5c00000,0x00000000e6e7b168,0x00000000e6e80000)
  to   space 17920K, 0% used [0x00000000e6f80000,0x00000000e6f80000,0x00000000e8100000)
 ParOldGen       total 87552K, used 33526K [0x0000000081600000, 0x0000000086b80000, 0x00000000d5d00000)
  object space 87552K, 38% used [0x0000000081600000,0x00000000836bdb98,0x0000000086b80000)
 Metaspace       used 9430K, capacity 9766K, committed 9984K, reserved 1058816K
  class space    used 1115K, capacity 1221K, committed 1280K, reserved 1048576K
GC Heap History (10 events):
Event: 2.592 GC heap before
{Heap before GC invocations=7 (full 0):
 PSYoungGen      total 141312K, used 141289K [0x00000000d5d00000, 0x00000000df900000, 0x0000000100000000)
  eden space 130560K, 100% used [0x00000000d5d00000,0x00000000ddc80000,0x00000000ddc80000)
  from space 10752K, 99% used [0x00000000de980000,0x00000000df3fa6b0,0x00000000df400000)
  to   space 13312K, 0% used [0x00000000ddc80000,0x00000000ddc80000,0x00000000de980000)
 ParOldGen       total 87552K, used 6936K [0x0000000081600000, 0x0000000086b80000, 0x00000000d5d00000)
  object space 87552K, 7% used [0x0000000081600000,0x0000000081cc60a8,0x0000000086b80000)
 Metaspace       used 7255K, capacity 7534K, committed 7680K, reserved 1056768K
  class space    used 836K, capacity 929K, committed 1024K, reserved 1048576K
Event: 2.628 GC heap after
Heap after GC invocations=7 (full 0):
 PSYoungGen      total 143872K, used 13304K [0x00000000d5d00000, 0x00000000e8300000, 0x0000000100000000)
  eden space 130560K, 0% used [0x00000000d5d00000,0x00000000d5d00000,0x00000000ddc80000)
  from space 13312K, 99% used [0x00000000ddc80000,0x00000000de97e218,0x00000000de980000)
  to   space 19968K, 0% used [0x00000000e6f80000,0x00000000e6f80000,0x00000000e8300000)
 ParOldGen       total 87552K, used 15134K [0x0000000081600000, 0x0000000086b80000, 0x00000000d5d00000)
  object space 87552K, 17% used [0x0000000081600000,0x00000000824c7af8,0x0000000086b80000)
 Metaspace       used 7255K, capacity 7534K, committed 7680K, reserved 1056768K
  class space    used 836K, capacity 929K, committed 1024K, reserved 1048576K
}
Event: 3.403 GC heap before
{Heap before GC invocations=8 (full 0):
 PSYoungGen      total 143872K, used 143864K [0x00000000d5d00000, 0x00000000e8300000, 0x0000000100000000)
  eden space 130560K, 100% used [0x00000000d5d00000,0x00000000ddc80000,0x00000000ddc80000)
  from space 13312K, 99% used [0x00000000ddc80000,0x00000000de97e218,0x00000000de980000)
  to   space 19968K, 0% used [0x00000000e6f80000,0x00000000e6f80000,0x00000000e8300000)
 ParOldGen       total 87552K, used 15134K [0x0000000081600000, 0x0000000086b80000, 0x00000000d5d00000)
  object space 87552K, 17% used [0x0000000081600000,0x00000000824c7af8,0x0000000086b80000)
 Metaspace       used 9372K, capacity 9690K, committed 9984K, reserved 1058816K
  class space    used 1113K, capacity 1219K, committed 1280K, reserved 1048576K
Event: 3.411 GC heap after
Heap after GC invocations=8 (full 0):
 PSYoungGen      total 279040K, used 6249K [0x00000000d5d00000, 0x00000000e8100000, 0x0000000100000000)
  eden space 261120K, 0% used [0x00000000d5d00000,0x00000000d5d00000,0x00000000e5c00000)
  from space 17920K, 34% used [0x00000000e6f80000,0x00000000e759a768,0x00000000e8100000)
  to   space 18944K, 0% used [0x00000000e5c00000,0x00000000e5c00000,0x00000000e6e80000)
 ParOldGen       total 87552K, used 15574K [0x0000000081600000, 0x0000000086b80000, 0x00000000d5d00000)
  object space 87552K, 17% used [0x0000000081600000,0x0000000082535af8,0x0000000086b80000)
 Metaspace       used 9372K, capacity 9690K, committed 9984K, reserved 1058816K
  class space    used 1113K, capacity 1219K, committed 1280K, reserved 1048576K
}
Event: 4.244 GC heap before
{Heap before GC invocations=9 (full 0):
 PSYoungGen      total 279040K, used 267369K [0x00000000d5d00000, 0x00000000e8100000, 0x0000000100000000)
  eden space 261120K, 100% used [0x00000000d5d00000,0x00000000e5c00000,0x00000000e5c00000)
  from space 17920K, 34% used [0x00000000e6f80000,0x00000000e759a768,0x00000000e8100000)
  to   space 18944K, 0% used [0x00000000e5c00000,0x00000000e5c00000,0x00000000e6e80000)
 ParOldGen       total 87552K, used 15574K [0x0000000081600000, 0x0000000086b80000, 0x00000000d5d00000)
  object space 87552K, 17% used [0x0000000081600000,0x0000000082535af8,0x0000000086b80000)
 Metaspace       used 9385K, capacity 9702K, committed 9984K, reserved 1058816K
  class space    used 1115K, capacity 1221K, committed 1280K, reserved 1048576K
Event: 4.276 GC heap after
Heap after GC invocations=9 (full 0):
 PSYoungGen      total 280064K, used 18920K [0x00000000d5d00000, 0x00000000e8100000, 0x0000000100000000)
  eden space 261120K, 0% used [0x00000000d5d00000,0x00000000d5d00000,0x00000000e5c00000)
  from space 18944K, 99% used [0x00000000e5c00000,0x00000000e6e7a130,0x00000000e6e80000)
  to   space 17920K, 0% used [0x00000000e6f80000,0x00000000e6f80000,0x00000000e8100000)
 ParOldGen       total 87552K, used 21222K [0x0000000081600000, 0x0000000086b80000, 0x00000000d5d00000)
  object space 87552K, 24% used [0x0000000081600000,0x0000000082ab9af8,0x0000000086b80000)
 Metaspace       used 9385K, capacity 9702K, committed 9984K, reserved 1058816K
  class space    used 1115K, capacity 1221K, committed 1280K, reserved 1048576K
}
Event: 5.383 GC heap before
{Heap before GC invocations=10 (full 0):
 PSYoungGen      total 280064K, used 280040K [0x00000000d5d00000, 0x00000000e8100000, 0x0000000100000000)
  eden space 261120K, 100% used [0x00000000d5d00000,0x00000000e5c00000,0x00000000e5c00000)
  from space 18944K, 99% used [0x00000000e5c00000,0x00000000e6e7a130,0x00000000e6e80000)
  to   space 17920K, 0% used [0x00000000e6f80000,0x00000000e6f80000,0x00000000e8100000)
 ParOldGen       total 87552K, used 21222K [0x0000000081600000, 0x0000000086b80000, 0x00000000d5d00000)
  object space 87552K, 24% used [0x0000000081600000,0x0000000082ab9af8,0x0000000086b80000)
 Metaspace       used 9417K, capacity 9766K, committed 9984K, reserved 1058816K
  class space    used 1115K, capacity 1221K, committed 1280K, reserved 1048576K
Event: 5.393 GC heap after
Heap after GC invocations=10 (full 0):
 PSYoungGen      total 279040K, used 6357K [0x00000000d5d00000, 0x00000000e8100000, 0x0000000100000000)
  eden space 261120K, 0% used [0x00000000d5d00000,0x00000000d5d00000,0x00000000e5c00000)
  from space 17920K, 35% used [0x00000000e6f80000,0x00000000e75b5798,0x00000000e8100000)
  to   space 18944K, 0% used [0x00000000e5c00000,0x00000000e5c00000,0x00000000e6e80000)
 ParOldGen       total 87552K, used 24486K [0x0000000081600000, 0x0000000086b80000, 0x00000000d5d00000)
  object space 87552K, 27% used [0x0000000081600000,0x0000000082de9b68,0x0000000086b80000)
 Metaspace       used 9417K, capacity 9766K, committed 9984K, reserved 1058816K
  class space    used 1115K, capacity 1221K, committed 1280K, reserved 1048576K
}
Event: 6.190 GC heap before
{Heap before GC invocations=11 (full 0):
 PSYoungGen      total 279040K, used 267477K [0x00000000d5d00000, 0x00000000e8100000, 0x0000000100000000)
  eden space 261120K, 100% used [0x00000000d5d00000,0x00000000e5c00000,0x00000000e5c00000)
  from space 17920K, 35% used [0x00000000e6f80000,0x00000000e75b5798,0x00000000e8100000)
  to   space 18944K, 0% used [0x00000000e5c00000,0x00000000e5c00000,0x00000000e6e80000)
 ParOldGen       total 87552K, used 24486K [0x0000000081600000, 0x0000000086b80000, 0x00000000d5d00000)
  object space 87552K, 27% used [0x0000000081600000,0x0000000082de9b68,0x0000000086b80000)
 Metaspace       used 9417K, capacity 9766K, committed 9984K, reserved 1058816K
  class space    used 1115K, capacity 1221K, committed 1280K, reserved 1048576K
Event: 6.228 GC heap after
Heap after GC invocations=11 (full 0):
 PSYoungGen      total 280064K, used 18924K [0x00000000d5d00000, 0x00000000e8100000, 0x0000000100000000)
  eden space 261120K, 0% used [0x00000000d5d00000,0x00000000d5d00000,0x00000000e5c00000)
  from space 18944K, 99% used [0x00000000e5c00000,0x00000000e6e7b168,0x00000000e6e80000)
  to   space 17920K, 0% used [0x00000000e6f80000,0x00000000e6f80000,0x00000000e8100000)
 ParOldGen       total 87552K, used 33526K [0x0000000081600000, 0x0000000086b80000, 0x00000000d5d00000)
  object space 87552K, 38% used [0x0000000081600000,0x00000000836bdb98,0x0000000086b80000)
 Metaspace       used 9417K, capacity 9766K, committed 9984K, reserved 1058816K
  class space    used 1115K, capacity 1221K, committed 1280K, reserved 1048576K
}

