# JRE version: Java(TM) SE Runtime Environment (8.0_211-b12) (build 1.8.0_211-b12)
# Java VM: Java HotSpot(TM) 64-Bit Server VM (25.211-b12 mixed mode windows-amd64 compressed oops)
Heap:
 PSYoungGen      total 347136K, used 225454K [0x00000000d5d00000, 0x00000000f8480000, 0x0000000100000000)
  eden space 332288K, 63% used [0x00000000d5d00000,0x00000000e2c834a8,0x00000000ea180000)
  from space 14848K, 87% used [0x00000000ea180000,0x00000000eae28368,0x00000000eb000000)
  to   space 16384K, 0% used [0x00000000f7480000,0x00000000f7480000,0x00000000f8480000)
 ParOldGen       total 87552K, used 40214K [0x0000000081600000, 0x0000000086b80000, 0x00000000d5d00000)
  object space 87552K, 45% used [0x0000000081600000,0x0000000083d459d0,0x0000000086b80000)
 Metaspace       used 6580K, capacity 6768K, committed 7040K, reserved 1056768K
  class space    used 739K, capacity 820K, committed 896K, reserved 1048576K
GC Heap History (10 events):
Event: 3.085 GC heap before
{Heap before GC invocations=9 (full 0):
 PSYoungGen      total 140288K, used 138398K [0x00000000d5d00000, 0x00000000df100000, 0x0000000100000000)
  eden space 130560K, 100% used [0x00000000d5d00000,0x00000000ddc80000,0x00000000ddc80000)
  from space 9728K, 80% used [0x00000000de680000,0x00000000dee27800,0x00000000df000000)
  to   space 10240K, 0% used [0x00000000ddc80000,0x00000000ddc80000,0x00000000de680000)
 ParOldGen       total 87552K, used 3931K [0x0000000081600000, 0x0000000086b80000, 0x00000000d5d00000)
  object space 87552K, 4% used [0x0000000081600000,0x00000000819d6f40,0x0000000086b80000)
 Metaspace       used 6555K, capacity 6768K, committed 7040K, reserved 1056768K
  class space    used 739K, capacity 820K, committed 896K, reserved 1048576K
Event: 3.104 GC heap after
Heap after GC invocations=9 (full 0):
 PSYoungGen      total 140800K, used 10209K [0x00000000d5d00000, 0x00000000e4300000, 0x0000000100000000)
  eden space 130560K, 0% used [0x00000000d5d00000,0x00000000d5d00000,0x00000000ddc80000)
  from space 10240K, 99% used [0x00000000ddc80000,0x00000000de678518,0x00000000de680000)
  to   space 13312K, 0% used [0x00000000e3600000,0x00000000e3600000,0x00000000e4300000)
 ParOldGen       total 87552K, used 6755K [0x0000000081600000, 0x0000000086b80000, 0x00000000d5d00000)
  object space 87552K, 7% used [0x0000000081600000,0x0000000081c98f40,0x0000000086b80000)
 Metaspace       used 6555K, capacity 6768K, committed 7040K, reserved 1056768K
  class space    used 739K, capacity 820K, committed 896K, reserved 1048576K
}
Event: 3.416 GC heap before
{Heap before GC invocations=10 (full 0):
 PSYoungGen      total 140800K, used 140769K [0x00000000d5d00000, 0x00000000e4300000, 0x0000000100000000)
  eden space 130560K, 100% used [0x00000000d5d00000,0x00000000ddc80000,0x00000000ddc80000)
  from space 10240K, 99% used [0x00000000ddc80000,0x00000000de678518,0x00000000de680000)
  to   space 13312K, 0% used [0x00000000e3600000,0x00000000e3600000,0x00000000e4300000)
 ParOldGen       total 87552K, used 6755K [0x0000000081600000, 0x0000000086b80000, 0x00000000d5d00000)
  object space 87552K, 7% used [0x0000000081600000,0x0000000081c98f40,0x0000000086b80000)
 Metaspace       used 6555K, capacity 6768K, committed 7040K, reserved 1056768K
  class space    used 739K, capacity 820K, committed 896K, reserved 1048576K
Event: 3.433 GC heap after
Heap after GC invocations=10 (full 0):
 PSYoungGen      total 221184K, used 11285K [0x00000000d5d00000, 0x00000000e4500000, 0x0000000100000000)
  eden space 207872K, 0% used [0x00000000d5d00000,0x00000000d5d00000,0x00000000e2800000)
  from space 13312K, 84% used [0x00000000e3600000,0x00000000e4105650,0x00000000e4300000)
  to   space 14336K, 0% used [0x00000000e2800000,0x00000000e2800000,0x00000000e3600000)
 ParOldGen       total 87552K, used 11139K [0x0000000081600000, 0x0000000086b80000, 0x00000000d5d00000)
  object space 87552K, 12% used [0x0000000081600000,0x00000000820e0f40,0x0000000086b80000)
 Metaspace       used 6555K, capacity 6768K, committed 7040K, reserved 1056768K
  class space    used 739K, capacity 820K, committed 896K, reserved 1048576K
}
Event: 4.033 GC heap before
{Heap before GC invocations=11 (full 0):
 PSYoungGen      total 221184K, used 219157K [0x00000000d5d00000, 0x00000000e4500000, 0x0000000100000000)
  eden space 207872K, 100% used [0x00000000d5d00000,0x00000000e2800000,0x00000000e2800000)
  from space 13312K, 84% used [0x00000000e3600000,0x00000000e4105650,0x00000000e4300000)
  to   space 14336K, 0% used [0x00000000e2800000,0x00000000e2800000,0x00000000e3600000)
 ParOldGen       total 87552K, used 11139K [0x0000000081600000, 0x0000000086b80000, 0x00000000d5d00000)
  object space 87552K, 12% used [0x0000000081600000,0x00000000820e0f40,0x0000000086b80000)
 Metaspace       used 6555K, capacity 6768K, committed 7040K, reserved 1056768K
  class space    used 739K, capacity 820K, committed 896K, reserved 1048576K
Event: 4.059 GC heap after
Heap after GC invocations=11 (full 0):
 PSYoungGen      total 222208K, used 8117K [0x00000000d5d00000, 0x00000000ebe00000, 0x0000000100000000)
  eden space 207872K, 0% used [0x00000000d5d00000,0x00000000d5d00000,0x00000000e2800000)
  from space 14336K, 56% used [0x00000000e2800000,0x00000000e2fed7a0,0x00000000e3600000)
  to   space 14336K, 0% used [0x00000000eb000000,0x00000000eb000000,0x00000000ebe00000)
 ParOldGen       total 87552K, used 22224K [0x0000000081600000, 0x0000000086b80000, 0x00000000d5d00000)
  object space 87552K, 25% used [0x0000000081600000,0x0000000082bb4070,0x0000000086b80000)
 Metaspace       used 6555K, capacity 6768K, committed 7040K, reserved 1056768K
  class space    used 739K, capacity 820K, committed 896K, reserved 1048576K
}
Event: 4.568 GC heap before
{Heap before GC invocations=12 (full 0):
 PSYoungGen      total 222208K, used 215989K [0x00000000d5d00000, 0x00000000ebe00000, 0x0000000100000000)
  eden space 207872K, 100% used [0x00000000d5d00000,0x00000000e2800000,0x00000000e2800000)
  from space 14336K, 56% used [0x00000000e2800000,0x00000000e2fed7a0,0x00000000e3600000)
  to   space 14336K, 0% used [0x00000000eb000000,0x00000000eb000000,0x00000000ebe00000)
 ParOldGen       total 87552K, used 22224K [0x0000000081600000, 0x0000000086b80000, 0x00000000d5d00000)
  object space 87552K, 25% used [0x0000000081600000,0x0000000082bb4070,0x0000000086b80000)
 Metaspace       used 6580K, capacity 6768K, committed 7040K, reserved 1056768K
  class space    used 739K, capacity 820K, committed 896K, reserved 1048576K
Event: 4.592 GC heap after
Heap after GC invocations=12 (full 0):
 PSYoungGen      total 346624K, used 9920K [0x00000000d5d00000, 0x00000000ebf00000, 0x0000000100000000)
  eden space 332288K, 0% used [0x00000000d5d00000,0x00000000d5d00000,0x00000000ea180000)
  from space 14336K, 69% used [0x00000000eb000000,0x00000000eb9b01c0,0x00000000ebe00000)
  to   space 14848K, 0% used [0x00000000ea180000,0x00000000ea180000,0x00000000eb000000)
 ParOldGen       total 87552K, used 30334K [0x0000000081600000, 0x0000000086b80000, 0x00000000d5d00000)
  object space 87552K, 34% used [0x0000000081600000,0x000000008339f810,0x0000000086b80000)
 Metaspace       used 6580K, capacity 6768K, committed 7040K, reserved 1056768K
  class space    used 739K, capacity 820K, committed 896K, reserved 1048576K
}
Event: 5.412 GC heap before
{Heap before GC invocations=13 (full 0):
 PSYoungGen      total 346624K, used 342208K [0x00000000d5d00000, 0x00000000ebf00000, 0x0000000100000000)
  eden space 332288K, 100% used [0x00000000d5d00000,0x00000000ea180000,0x00000000ea180000)
  from space 14336K, 69% used [0x00000000eb000000,0x00000000eb9b01c0,0x00000000ebe00000)
  to   space 14848K, 0% used [0x00000000ea180000,0x00000000ea180000,0x00000000eb000000)
 ParOldGen       total 87552K, used 30334K [0x0000000081600000, 0x0000000086b80000, 0x00000000d5d00000)
  object space 87552K, 34% used [0x0000000081600000,0x000000008339f810,0x0000000086b80000)
 Metaspace       used 6580K, capacity 6768K, committed 7040K, reserved 1056768K
  class space    used 739K, capacity 820K, committed 896K, reserved 1048576K
Event: 5.446 GC heap after
Heap after GC invocations=13 (full 0):
 PSYoungGen      total 347136K, used 12960K [0x00000000d5d00000, 0x00000000f8480000, 0x0000000100000000)
  eden space 332288K, 0% used [0x00000000d5d00000,0x00000000d5d00000,0x00000000ea180000)
  from space 14848K, 87% used [0x00000000ea180000,0x00000000eae28368,0x00000000eb000000)
  to   space 16384K, 0% used [0x00000000f7480000,0x00000000f7480000,0x00000000f8480000)
 ParOldGen       total 87552K, used 40214K [0x0000000081600000, 0x0000000086b80000, 0x00000000d5d00000)
  object space 87552K, 45% used [0x0000000081600000,0x0000000083d459d0,0x0000000086b80000)
 Metaspace       used 6580K, capacity 6768K, committed 7040K, reserved 1056768K
  class space    used 739K, capacity 820K, committed 896K, reserved 1048576K
}

