# JRE version: Java(TM) SE Runtime Environment (8.0_211-b12) (build 1.8.0_211-b12)
# Java VM: Java HotSpot(TM) 64-Bit Server VM (25.211-b12 mixed mode windows-amd64 compressed oops)
Heap:
 PSYoungGen      total 441344K, used 219558K [0x00000000d5d00000, 0x00000000f1700000, 0x0000000100000000)
  eden space 430080K, 50% used [0x00000000d5d00000,0x00000000e2f01968,0x00000000f0100000)
  from space 11264K, 40% used [0x00000000f0100000,0x00000000f0568000,0x00000000f0c00000)
  to   space 10752K, 0% used [0x00000000f0c80000,0x00000000f0c80000,0x00000000f1700000)
 ParOldGen       total 94720K, used 53841K [0x0000000081600000, 0x0000000087280000, 0x00000000d5d00000)
  object space 94720K, 56% used [0x0000000081600000,0x0000000084a94708,0x0000000087280000)
 Metaspace       used 7483K, capacity 7792K, committed 7936K, reserved 1056768K
  class space    used 849K, capacity 948K, committed 1024K, reserved 1048576K
GC Heap History (10 events):
Event: 20.209 GC heap before
{Heap before GC invocations=64 (full 2):
 PSYoungGen      total 441344K, used 434240K [0x00000000d5d00000, 0x00000000f1700000, 0x0000000100000000)
  eden space 430080K, 100% used [0x00000000d5d00000,0x00000000f0100000,0x00000000f0100000)
  from space 11264K, 36% used [0x00000000f0100000,0x00000000f0510000,0x00000000f0c00000)
  to   space 10752K, 0% used [0x00000000f0c80000,0x00000000f0c80000,0x00000000f1700000)
 ParOldGen       total 94720K, used 74367K [0x0000000081600000, 0x0000000087280000, 0x00000000d5d00000)
  object space 94720K, 78% used [0x0000000081600000,0x0000000085e9fe98,0x0000000087280000)
 Metaspace       used 7483K, capacity 7792K, committed 7936K, reserved 1056768K
  class space    used 849K, capacity 948K, committed 1024K, reserved 1048576K
Event: 20.221 GC heap after
Heap after GC invocations=64 (full 2):
 PSYoungGen      total 440832K, used 7032K [0x00000000d5d00000, 0x00000000f1700000, 0x0000000100000000)
  eden space 430080K, 0% used [0x00000000d5d00000,0x00000000d5d00000,0x00000000f0100000)
  from space 10752K, 65% used [0x00000000f0c80000,0x00000000f135e260,0x00000000f1700000)
  to   space 11264K, 0% used [0x00000000f0100000,0x00000000f0100000,0x00000000f0c00000)
 ParOldGen       total 94720K, used 78087K [0x0000000081600000, 0x0000000087280000, 0x00000000d5d00000)
  object space 94720K, 82% used [0x0000000081600000,0x0000000086241e98,0x0000000087280000)
 Metaspace       used 7483K, capacity 7792K, committed 7936K, reserved 1056768K
  class space    used 849K, capacity 948K, committed 1024K, reserved 1048576K
}
Event: 20.574 GC heap before
{Heap before GC invocations=65 (full 2):
 PSYoungGen      total 440832K, used 437112K [0x00000000d5d00000, 0x00000000f1700000, 0x0000000100000000)
  eden space 430080K, 100% used [0x00000000d5d00000,0x00000000f0100000,0x00000000f0100000)
  from space 10752K, 65% used [0x00000000f0c80000,0x00000000f135e260,0x00000000f1700000)
  to   space 11264K, 0% used [0x00000000f0100000,0x00000000f0100000,0x00000000f0c00000)
 ParOldGen       total 94720K, used 78087K [0x0000000081600000, 0x0000000087280000, 0x00000000d5d00000)
  object space 94720K, 82% used [0x0000000081600000,0x0000000086241e98,0x0000000087280000)
 Metaspace       used 7483K, capacity 7792K, committed 7936K, reserved 1056768K
  class space    used 849K, capacity 948K, committed 1024K, reserved 1048576K
Event: 20.587 GC heap after
Heap after GC invocations=65 (full 2):
 PSYoungGen      total 441344K, used 4608K [0x00000000d5d00000, 0x00000000f1700000, 0x0000000100000000)
  eden space 430080K, 0% used [0x00000000d5d00000,0x00000000d5d00000,0x00000000f0100000)
  from space 11264K, 40% used [0x00000000f0100000,0x00000000f0580000,0x00000000f0c00000)
  to   space 10752K, 0% used [0x00000000f0c80000,0x00000000f0c80000,0x00000000f1700000)
 ParOldGen       total 94720K, used 84760K [0x0000000081600000, 0x0000000087280000, 0x00000000d5d00000)
  object space 94720K, 89% used [0x0000000081600000,0x00000000868c60f8,0x0000000087280000)
 Metaspace       used 7483K, capacity 7792K, committed 7936K, reserved 1056768K
  class space    used 849K, capacity 948K, committed 1024K, reserved 1048576K
}
Event: 20.938 GC heap before
{Heap before GC invocations=66 (full 2):
 PSYoungGen      total 441344K, used 434688K [0x00000000d5d00000, 0x00000000f1700000, 0x0000000100000000)
  eden space 430080K, 100% used [0x00000000d5d00000,0x00000000f0100000,0x00000000f0100000)
  from space 11264K, 40% used [0x00000000f0100000,0x00000000f0580000,0x00000000f0c00000)
  to   space 10752K, 0% used [0x00000000f0c80000,0x00000000f0c80000,0x00000000f1700000)
 ParOldGen       total 94720K, used 84760K [0x0000000081600000, 0x0000000087280000, 0x00000000d5d00000)
  object space 94720K, 89% used [0x0000000081600000,0x00000000868c60f8,0x0000000087280000)
 Metaspace       used 7483K, capacity 7792K, committed 7936K, reserved 1056768K
  class space    used 849K, capacity 948K, committed 1024K, reserved 1048576K
Event: 20.951 GC heap after
Heap after GC invocations=66 (full 2):
 PSYoungGen      total 440832K, used 4064K [0x00000000d5d00000, 0x00000000f1700000, 0x0000000100000000)
  eden space 430080K, 0% used [0x00000000d5d00000,0x00000000d5d00000,0x00000000f0100000)
  from space 10752K, 37% used [0x00000000f0c80000,0x00000000f1078000,0x00000000f1700000)
  to   space 11264K, 0% used [0x00000000f0100000,0x00000000f0100000,0x00000000f0c00000)
 ParOldGen       total 94720K, used 89120K [0x0000000081600000, 0x0000000087280000, 0x00000000d5d00000)
  object space 94720K, 94% used [0x0000000081600000,0x0000000086d080f8,0x0000000087280000)
 Metaspace       used 7483K, capacity 7792K, committed 7936K, reserved 1056768K
  class space    used 849K, capacity 948K, committed 1024K, reserved 1048576K
}
Event: 20.951 GC heap before
{Heap before GC invocations=67 (full 3):
 PSYoungGen      total 440832K, used 4064K [0x00000000d5d00000, 0x00000000f1700000, 0x0000000100000000)
  eden space 430080K, 0% used [0x00000000d5d00000,0x00000000d5d00000,0x00000000f0100000)
  from space 10752K, 37% used [0x00000000f0c80000,0x00000000f1078000,0x00000000f1700000)
  to   space 11264K, 0% used [0x00000000f0100000,0x00000000f0100000,0x00000000f0c00000)
 ParOldGen       total 94720K, used 89120K [0x0000000081600000, 0x0000000087280000, 0x00000000d5d00000)
  object space 94720K, 94% used [0x0000000081600000,0x0000000086d080f8,0x0000000087280000)
 Metaspace       used 7483K, capacity 7792K, committed 7936K, reserved 1056768K
  class space    used 849K, capacity 948K, committed 1024K, reserved 1048576K
Event: 21.207 GC heap after
Heap after GC invocations=67 (full 3):
 PSYoungGen      total 440832K, used 0K [0x00000000d5d00000, 0x00000000f1700000, 0x0000000100000000)
  eden space 430080K, 0% used [0x00000000d5d00000,0x00000000d5d00000,0x00000000f0100000)
  from space 10752K, 0% used [0x00000000f0c80000,0x00000000f0c80000,0x00000000f1700000)
  to   space 11264K, 0% used [0x00000000f0100000,0x00000000f0100000,0x00000000f0c00000)
 ParOldGen       total 94720K, used 53841K [0x0000000081600000, 0x0000000087280000, 0x00000000d5d00000)
  object space 94720K, 56% used [0x0000000081600000,0x0000000084a94708,0x0000000087280000)
 Metaspace       used 7483K, capacity 7792K, committed 7936K, reserved 1056768K
  class space    used 849K, capacity 948K, committed 1024K, reserved 1048576K
}
Event: 21.563 GC heap before
{Heap before GC invocations=68 (full 3):
 PSYoungGen      total 440832K, used 430080K [0x00000000d5d00000, 0x00000000f1700000, 0x0000000100000000)
  eden space 430080K, 100% used [0x00000000d5d00000,0x00000000f0100000,0x00000000f0100000)
  from space 10752K, 0% used [0x00000000f0c80000,0x00000000f0c80000,0x00000000f1700000)
  to   space 11264K, 0% used [0x00000000f0100000,0x00000000f0100000,0x00000000f0c00000)
 ParOldGen       total 94720K, used 53841K [0x0000000081600000, 0x0000000087280000, 0x00000000d5d00000)
  object space 94720K, 56% used [0x0000000081600000,0x0000000084a94708,0x0000000087280000)
 Metaspace       used 7483K, capacity 7792K, committed 7936K, reserved 1056768K
  class space    used 849K, capacity 948K, committed 1024K, reserved 1048576K
Event: 21.574 GC heap after
Heap after GC invocations=68 (full 3):
 PSYoungGen      total 441344K, used 4512K [0x00000000d5d00000, 0x00000000f1700000, 0x0000000100000000)
  eden space 430080K, 0% used [0x00000000d5d00000,0x00000000d5d00000,0x00000000f0100000)
  from space 11264K, 40% used [0x00000000f0100000,0x00000000f0568000,0x00000000f0c00000)
  to   space 10752K, 0% used [0x00000000f0c80000,0x00000000f0c80000,0x00000000f1700000)
 ParOldGen       total 94720K, used 53841K [0x0000000081600000, 0x0000000087280000, 0x00000000d5d00000)
  object space 94720K, 56% used [0x0000000081600000,0x0000000084a94708,0x0000000087280000)
 Metaspace       used 7483K, capacity 7792K, committed 7936K, reserved 1056768K
  class space    used 849K, capacity 948K, committed 1024K, reserved 1048576K
}

